Using pre-set license
Built from '2020.3/staging' branch; Version is '2020.3.48f1 (b805b124c6b7) revision 12060081'; Using compiler version '192528614'; Build Type 'Release'
OS: 'Windows 10  (10.0.19045) 64bit Core' Language: 'ja' Physical Memory: 7986 MB
BatchMode: 1, IsHumanControllingUs: 0, StartBugReporterOnCrash: 0, Is64bit: 1, IsPro: 0

COMMAND LINE ARGUMENTS:
C:\Program Files\Unity\Hub\Editor\2020.3.48f1\Editor\Unity.exe
-adb2
-batchMode
-noUpm
-name
AssetImportWorker0
-projectPath
C:/Users/k29ki/Documents/UnityProject/XREALLight_test01
-logFile
Logs/AssetImportWorker0.log
-srvPort
52334
Successfully changed project path to: C:/Users/k29ki/Documents/UnityProject/XREALLight_test01
C:/Users/k29ki/Documents/UnityProject/XREALLight_test01
Using Asset Import Pipeline V2.
Player connection [11656] Host "[IP] 192.168.133.1 [Port] 0 [Flags] 2 [Guid] 3833927006 [EditorId] 3833927006 [Version] 1048832 [Id] WindowsEditor(7,DESKTOP-BH9JOV2) [Debug] 1 [PackageName] WindowsEditor [ProjectName] Editor" joined multi-casting on [225.0.0.222:54997]...

Player connection [11656] Host "[IP] 192.168.133.1 [Port] 0 [Flags] 2 [Guid] 3833927006 [EditorId] 3833927006 [Version] 1048832 [Id] WindowsEditor(7,DESKTOP-BH9JOV2) [Debug] 1 [PackageName] WindowsEditor [ProjectName] Editor" joined alternative multi-casting on [225.0.0.222:34997]...

Refreshing native plugins compatible for Editor in 83.31 ms, found 6 plugins.
Preloading 0 native plugins for Editor in 0.00 ms.
Initialize engine version: 2020.3.48f1 (b805b124c6b7)
[Subsystems] Discovering subsystems at path C:/Program Files/Unity/Hub/Editor/2020.3.48f1/Editor/Data/Resources/UnitySubsystems
[Subsystems] Discovering subsystems at path C:/Users/k29ki/Documents/UnityProject/XREALLight_test01/Assets
GfxDevice: creating device client; threaded=0
Direct3D:
    Version:  Direct3D 11.0 [level 11.1]
    Renderer: Intel(R) UHD Graphics 620 (ID=0x3ea0)
    Vendor:   
    VRAM:     3993 MB
    Driver:   25.20.100.6471
Initialize mono
Mono path[0] = 'C:/Program Files/Unity/Hub/Editor/2020.3.48f1/Editor/Data/Managed'
Mono path[1] = 'C:/Program Files/Unity/Hub/Editor/2020.3.48f1/Editor/Data/MonoBleedingEdge/lib/mono/unityjit'
Mono config path = 'C:/Program Files/Unity/Hub/Editor/2020.3.48f1/Editor/Data/MonoBleedingEdge/etc'
Using monoOptions --debugger-agent=transport=dt_socket,embedding=1,server=y,suspend=n,address=127.0.0.1:56616
Begin MonoManager ReloadAssembly
Registering precompiled unity dll's ...
Register platform support module: C:/Program Files/Unity/Hub/Editor/2020.3.48f1/Editor/Data/PlaybackEngines/WindowsStandaloneSupport/UnityEditor.WindowsStandalone.Extensions.dll
Registered in 0.002589 seconds.
Native extension for WindowsStandalone target not found
Refreshing native plugins compatible for Editor in 50.07 ms, found 6 plugins.
Preloading 0 native plugins for Editor in 0.00 ms.
Mono: successfully reloaded assembly
- Completed reload, in  1.081 seconds
Domain Reload Profiling:
	ReloadAssembly (1081ms)
		BeginReloadAssembly (87ms)
			ExecutionOrderSort (0ms)
			DisableScriptedObjects (0ms)
			BackupInstance (0ms)
			ReleaseScriptingObjects (0ms)
			CreateAndSetChildDomain (1ms)
		EndReloadAssembly (742ms)
			LoadAssemblies (84ms)
			RebuildTransferFunctionScriptingTraits (0ms)
			SetupTypeCache (362ms)
			ReleaseScriptCaches (0ms)
			RebuildScriptCaches (33ms)
			SetupLoadedEditorAssemblies (211ms)
				LogAssemblyErrors (0ms)
				InitializePlatformSupportModulesInManaged (5ms)
				SetLoadedEditorAssemblies (0ms)
				RefreshPlugins (50ms)
				BeforeProcessingInitializeOnLoad (17ms)
				ProcessInitializeOnLoadAttributes (93ms)
				ProcessInitializeOnLoadMethodAttributes (45ms)
				AfterProcessingInitializeOnLoad (0ms)
				EditorAssembliesLoaded (0ms)
			ExecutionOrderSort2 (0ms)
			AwakeInstancesAfterBackupRestoration (0ms)
Platform modules already initialized, skipping
Registering precompiled user dll's ...
Registered in 0.010178 seconds.
Begin MonoManager ReloadAssembly
Native extension for WindowsStandalone target not found
Refreshing native plugins compatible for Editor in 0.86 ms, found 6 plugins.
Preloading 0 native plugins for Editor in 0.00 ms.
Mono: successfully reloaded assembly
- Completed reload, in  1.469 seconds
Domain Reload Profiling:
	ReloadAssembly (1470ms)
		BeginReloadAssembly (182ms)
			ExecutionOrderSort (0ms)
			DisableScriptedObjects (5ms)
			BackupInstance (0ms)
			ReleaseScriptingObjects (0ms)
			CreateAndSetChildDomain (22ms)
		EndReloadAssembly (1191ms)
			LoadAssemblies (187ms)
			RebuildTransferFunctionScriptingTraits (0ms)
			SetupTypeCache (375ms)
			ReleaseScriptCaches (2ms)
			RebuildScriptCaches (76ms)
			SetupLoadedEditorAssemblies (477ms)
				LogAssemblyErrors (0ms)
				InitializePlatformSupportModulesInManaged (10ms)
				SetLoadedEditorAssemblies (1ms)
				RefreshPlugins (1ms)
				BeforeProcessingInitializeOnLoad (140ms)
				ProcessInitializeOnLoadAttributes (242ms)
				ProcessInitializeOnLoadMethodAttributes (75ms)
				AfterProcessingInitializeOnLoad (8ms)
				EditorAssembliesLoaded (0ms)
			ExecutionOrderSort2 (0ms)
			AwakeInstancesAfterBackupRestoration (2ms)
Platform modules already initialized, skipping
========================================================================
Worker process is ready to serve import requests
Launched and connected shader compiler UnityShaderCompiler.exe after 0.06 seconds
Refreshing native plugins compatible for Editor in 0.90 ms, found 6 plugins.
Preloading 0 native plugins for Editor in 0.00 ms.
Unloading 2531 Unused Serialized files (Serialized files now loaded: 0)
System memory in use before: 99.7 MB.
System memory in use after: 99.9 MB.

Unloading 64 unused Assets to reduce memory usage. Loaded Objects now: 2931.
Total: 7.579100 ms (FindLiveObjects: 0.251500 ms CreateObjectMapping: 0.154200 ms MarkObjects: 7.021100 ms  DeleteObjects: 0.150800 ms)

AssetImportParameters requested are different than current active one (requested -> active):
  custom:framework-win-MediaFoundation: 216162199b28c13a410421893ffa2e32 -> 
  custom:video-decoder-ogg-theora: a1e56fd34408186e4bbccfd4996cb3dc -> 
  custom:container-muxer-webm: aa71ff27fc2769a1b78a27578f13a17b -> 
  custom:container-demuxer-webm: 4f35f7cbe854078d1ac9338744f61a02 -> 
  custom:container-demuxer-ogg: 62fdf1f143b41e24485cea50d1cbac27 -> 
  custom:video-encoder-webm-vp8: eb34c28f22e8b96e1ab97ce403110664 -> 
  custom:video-codec-MediaFoundation-h265: e54d7ab0439102e2317fc1e4b246158d -> 
  custom:video-decoder-webm-vp8: 9c59270c3fd7afecdb556c50c9e8de78 -> 
  custom:audio-decoder-ogg-vorbis: bf7c407c2cedff20999df2af8eb42d56 -> 
  custom:audio-encoder-webm-vorbis: bf7c407c2cedff20999df2af8eb42d56 -> 
========================================================================
Received Import Request.
  path: Assets/NRSDK/Prefabs/Hands/NRHand_L.prefab
  artifactKey: Guid(9e73c86b401a7c34cb70b4dcaf94be65) Importer(815301076,1909f56bfc062723c751e8b465ee728b)
Start importing Assets/NRSDK/Prefabs/Hands/NRHand_L.prefab using Guid(9e73c86b401a7c34cb70b4dcaf94be65) Importer(815301076,1909f56bfc062723c751e8b465ee728b)  -> (artifact id: '8d58f953a8609f65a36e9ed3fa0f492e') in 0.165445 seconds 
========================================================================
Received Import Request.
  Time since last request: 0.000411 seconds.
  path: Assets/NRSDK/Prefabs/Hands/NRHand_R.prefab
  artifactKey: Guid(7f0032a8f9796bb418c31cdb8c16b78e) Importer(815301076,1909f56bfc062723c751e8b465ee728b)
Start importing Assets/NRSDK/Prefabs/Hands/NRHand_R.prefab using Guid(7f0032a8f9796bb418c31cdb8c16b78e) Importer(815301076,1909f56bfc062723c751e8b465ee728b)  -> (artifact id: 'dd2989659a57f1f6259449fff4e204c8') in 0.022139 seconds 
========================================================================
Received Prepare
Registering precompiled user dll's ...
Registered in 0.009422 seconds.
Begin MonoManager ReloadAssembly
Native extension for WindowsStandalone target not found
Refreshing native plugins compatible for Editor in 1.39 ms, found 6 plugins.
Preloading 0 native plugins for Editor in 0.00 ms.
Mono: successfully reloaded assembly
- Completed reload, in  1.423 seconds
Domain Reload Profiling:
	ReloadAssembly (1424ms)
		BeginReloadAssembly (155ms)
			ExecutionOrderSort (0ms)
			DisableScriptedObjects (6ms)
			BackupInstance (0ms)
			ReleaseScriptingObjects (0ms)
			CreateAndSetChildDomain (43ms)
		EndReloadAssembly (1203ms)
			LoadAssemblies (174ms)
			RebuildTransferFunctionScriptingTraits (0ms)
			SetupTypeCache (383ms)
			ReleaseScriptCaches (2ms)
			RebuildScriptCaches (53ms)
			SetupLoadedEditorAssemblies (490ms)
				LogAssemblyErrors (0ms)
				InitializePlatformSupportModulesInManaged (4ms)
				SetLoadedEditorAssemblies (1ms)
				RefreshPlugins (2ms)
				BeforeProcessingInitializeOnLoad (146ms)
				ProcessInitializeOnLoadAttributes (247ms)
				ProcessInitializeOnLoadMethodAttributes (82ms)
				AfterProcessingInitializeOnLoad (8ms)
				EditorAssembliesLoaded (0ms)
			ExecutionOrderSort2 (0ms)
			AwakeInstancesAfterBackupRestoration (3ms)
Platform modules already initialized, skipping
Switching build target platform(19) subTarget(0) extendedPlatform(0) -> platform(13) subTarget(589824) extendedPlatform(0)
Refreshing native plugins compatible for Editor in 0.82 ms, found 6 plugins.
Preloading 0 native plugins for Editor in 0.00 ms.
Unloading 2511 Unused Serialized files (Serialized files now loaded: 0)
System memory in use before: 100.7 MB.
System memory in use after: 100.9 MB.

Unloading 55 unused Assets to reduce memory usage. Loaded Objects now: 2943.
Total: 7.624700 ms (FindLiveObjects: 0.237100 ms CreateObjectMapping: 0.193600 ms MarkObjects: 7.119400 ms  DeleteObjects: 0.073100 ms)

AssetImportParameters requested are different than current active one (requested -> active):
  custom:framework-win-MediaFoundation: 216162199b28c13a410421893ffa2e32 -> 
  custom:video-decoder-ogg-theora: a1e56fd34408186e4bbccfd4996cb3dc -> 
  custom:container-muxer-webm: aa71ff27fc2769a1b78a27578f13a17b -> 
  custom:container-demuxer-webm: 4f35f7cbe854078d1ac9338744f61a02 -> 
  custom:container-demuxer-ogg: 62fdf1f143b41e24485cea50d1cbac27 -> 
  custom:video-encoder-webm-vp8: eb34c28f22e8b96e1ab97ce403110664 -> 
  custom:video-codec-MediaFoundation-h265: e54d7ab0439102e2317fc1e4b246158d -> 
  custom:video-decoder-webm-vp8: 9c59270c3fd7afecdb556c50c9e8de78 -> 
  custom:graphics/normal-map-encoding: 01000000000000000000000000000000 -> 02000000000000000000000000000000
  custom:audio-decoder-ogg-vorbis: bf7c407c2cedff20999df2af8eb42d56 -> 
  custom:audio-encoder-webm-vorbis: bf7c407c2cedff20999df2af8eb42d56 -> 
========================================================================
Received Import Request.
  Time since last request: 237.262034 seconds.
  path: Assets/NRSDK/Models/ControllerModels/NrealLight/hand_control.FBX
  artifactKey: Guid(71da1184d065b8644a78344c12ea1ce8) Importer(815301076,1909f56bfc062723c751e8b465ee728b)
Start importing Assets/NRSDK/Models/ControllerModels/NrealLight/hand_control.FBX using Guid(71da1184d065b8644a78344c12ea1ce8) Importer(815301076,1909f56bfc062723c751e8b465ee728b)  -> (artifact id: '57b41981a4bd260be6e983ffdf63aa62') in 0.652361 seconds 
========================================================================
Received Import Request.
  Time since last request: 0.000426 seconds.
  path: Assets/NRSDK/Demos/TrackingImage/Materials/Axis_mat.mat
  artifactKey: Guid(83533d396a6e3a042a637f7a7c198d6f) Importer(815301076,1909f56bfc062723c751e8b465ee728b)
Start importing Assets/NRSDK/Demos/TrackingImage/Materials/Axis_mat.mat using Guid(83533d396a6e3a042a637f7a7c198d6f) Importer(815301076,1909f56bfc062723c751e8b465ee728b)  -> (artifact id: 'cf294ac6a437a3f79eaaf53c288c6196') in 0.103000 seconds 
========================================================================
Received Import Request.
  Time since last request: 0.000481 seconds.
  path: Assets/NRSDK/Models/SimulatorRoom/room.FBX
  artifactKey: Guid(65a78689dc9ad7c47968f81c369684c5) Importer(815301076,1909f56bfc062723c751e8b465ee728b)
Start importing Assets/NRSDK/Models/SimulatorRoom/room.FBX using Guid(65a78689dc9ad7c47968f81c369684c5) Importer(815301076,1909f56bfc062723c751e8b465ee728b)  -> (artifact id: 'd814cd807ae11c4aee261630e9a4471e') in 0.262251 seconds 
========================================================================
Received Import Request.
  Time since last request: 0.000563 seconds.
  path: Assets/NRSDK/Materials/ARBackground.mat
  artifactKey: Guid(fba469bafe6193249b29943abe9c2675) Importer(815301076,1909f56bfc062723c751e8b465ee728b)
Start importing Assets/NRSDK/Materials/ARBackground.mat using Guid(fba469bafe6193249b29943abe9c2675) Importer(815301076,1909f56bfc062723c751e8b465ee728b)  -> (artifact id: 'f97d597e1c9c99ba3623c860ee130559') in 0.095888 seconds 
========================================================================
Received Import Request.
  Time since last request: 0.000610 seconds.
  path: Assets/NRSDK/Materials/ARBackGround_tex.mat
  artifactKey: Guid(64a76d93efb877947a225f7ae08c395e) Importer(815301076,1909f56bfc062723c751e8b465ee728b)
Start importing Assets/NRSDK/Materials/ARBackGround_tex.mat using Guid(64a76d93efb877947a225f7ae08c395e) Importer(815301076,1909f56bfc062723c751e8b465ee728b)  -> (artifact id: '4f199b99f28b306027852d12e41ab77b') in 0.052382 seconds 
========================================================================
Received Import Request.
  Time since last request: 0.000315 seconds.
  path: Assets/NRSDK/Emulator/Model/EmulatorRoom.FBX
  artifactKey: Guid(d95c73ea5c81ab1448cf27ee783fbb93) Importer(815301076,1909f56bfc062723c751e8b465ee728b)
Start importing Assets/NRSDK/Emulator/Model/EmulatorRoom.FBX using Guid(d95c73ea5c81ab1448cf27ee783fbb93) Importer(815301076,1909f56bfc062723c751e8b465ee728b)  -> (artifact id: 'b1c5943f8c1949e3b2d77871f5db96fb') in 0.298059 seconds 
========================================================================
Received Import Request.
  Time since last request: 0.000571 seconds.
  path: Assets/NRSDK/Models/ControllerModels/NRPhone/phone.FBX
  artifactKey: Guid(81a0db36030f1404e81c0f4e92b688a7) Importer(815301076,1909f56bfc062723c751e8b465ee728b)
Start importing Assets/NRSDK/Models/ControllerModels/NRPhone/phone.FBX using Guid(81a0db36030f1404e81c0f4e92b688a7) Importer(815301076,1909f56bfc062723c751e8b465ee728b)  -> (artifact id: 'e7f4c4d37b306bbb0d5f2bd410844574') in 0.059574 seconds 
========================================================================
Received Import Request.
  Time since last request: 7.530527 seconds.
  path: Assets/NRSDK/Demos/TrackingImage/Mesh/Materials/defaultMat.mat
  artifactKey: Guid(0c4d19a4b4623e54fb3e6e6fbe4c0416) Importer(815301076,1909f56bfc062723c751e8b465ee728b)
Start importing Assets/NRSDK/Demos/TrackingImage/Mesh/Materials/defaultMat.mat using Guid(0c4d19a4b4623e54fb3e6e6fbe4c0416) Importer(815301076,1909f56bfc062723c751e8b465ee728b)  -> (artifact id: 'ed6e1500f8215ed96141b264b5ecde0d') in 0.038701 seconds 
========================================================================
Received Import Request.
  Time since last request: 0.000796 seconds.
  path: Assets/NRSDK/Emulator/Materials/DefaultTarget.mat
  artifactKey: Guid(1ebb4070b6df74a4fb4a1df108d4c3be) Importer(815301076,1909f56bfc062723c751e8b465ee728b)
Start importing Assets/NRSDK/Emulator/Materials/DefaultTarget.mat using Guid(1ebb4070b6df74a4fb4a1df108d4c3be) Importer(815301076,1909f56bfc062723c751e8b465ee728b)  -> (artifact id: '51060d817d8dfcdf9f7f453985b26732') in 0.041171 seconds 
========================================================================
Received Import Request.
  Time since last request: 1.492889 seconds.
  path: Assets/NRSDK/Materials/RayDefault.mat
  artifactKey: Guid(2a19462c92b4157469ff3ecc1a5d03ca) Importer(815301076,1909f56bfc062723c751e8b465ee728b)
Start importing Assets/NRSDK/Materials/RayDefault.mat using Guid(2a19462c92b4157469ff3ecc1a5d03ca) Importer(815301076,1909f56bfc062723c751e8b465ee728b)  -> (artifact id: '9a812534634fee897dbaa39929ecc74b') in 0.133603 seconds 
========================================================================
Received Import Request.
  Time since last request: 46.928881 seconds.
  path: Assets/NRSDK/Prefabs/FPSCanvas.prefab
  artifactKey: Guid(67d84a29ffd5ca443ae62b9736795f1b) Importer(815301076,1909f56bfc062723c751e8b465ee728b)
Start importing Assets/NRSDK/Prefabs/FPSCanvas.prefab using Guid(67d84a29ffd5ca443ae62b9736795f1b) Importer(815301076,1909f56bfc062723c751e8b465ee728b)  -> (artifact id: 'd07f01253e4df35361ccc6afa031f596') in 0.035122 seconds 
========================================================================
Received Import Request.
  Time since last request: 0.000369 seconds.
  path: Assets/NRSDK/Prefabs/NRCameraRig.prefab
  artifactKey: Guid(665d8158924bd2648a94fb3f87691bbb) Importer(815301076,1909f56bfc062723c751e8b465ee728b)
Start importing Assets/NRSDK/Prefabs/NRCameraRig.prefab using Guid(665d8158924bd2648a94fb3f87691bbb) Importer(815301076,1909f56bfc062723c751e8b465ee728b)  -> (artifact id: 'd1c36b8d2dc83442f764d57fa864e253') in 0.103099 seconds 
========================================================================
Received Import Request.
  Time since last request: 0.000414 seconds.
  path: Assets/NRSDK/Prefabs/NRInput.prefab
  artifactKey: Guid(ad152f08ed7eb6e4abd93376a0203e38) Importer(815301076,1909f56bfc062723c751e8b465ee728b)
Start importing Assets/NRSDK/Prefabs/NRInput.prefab using Guid(ad152f08ed7eb6e4abd93376a0203e38) Importer(815301076,1909f56bfc062723c751e8b465ee728b)  -> (artifact id: '9a0cfda1e085eb574e7f1f2f7948d580') in 0.070626 seconds 
========================================================================
Received Import Request.
  Time since last request: 0.000450 seconds.
  path: Assets/NRSDK/Prefabs/NRVirtualDisplayer.prefab
  artifactKey: Guid(e0f440c4bb94be641af5dc113d3248f5) Importer(815301076,1909f56bfc062723c751e8b465ee728b)
Start importing Assets/NRSDK/Prefabs/NRVirtualDisplayer.prefab using Guid(e0f440c4bb94be641af5dc113d3248f5) Importer(815301076,1909f56bfc062723c751e8b465ee728b)  -> (artifact id: '8fbfc3ba149672e972d54a0c05db83f1') in 0.033281 seconds 
========================================================================
Received Import Request.
  Time since last request: 0.000412 seconds.
  path: Assets/NRSDK/Prefabs/NRVirtualDisplayer-NebulaStyle.prefab
  artifactKey: Guid(cc753d26daaee4026a07c45a845996bf) Importer(815301076,1909f56bfc062723c751e8b465ee728b)
Start importing Assets/NRSDK/Prefabs/NRVirtualDisplayer-NebulaStyle.prefab using Guid(cc753d26daaee4026a07c45a845996bf) Importer(815301076,1909f56bfc062723c751e8b465ee728b)  -> (artifact id: 'ad186c737ca037f9998f6a3b751aa3bf') in 0.126631 seconds 
========================================================================
Received Import Request.
  Time since last request: 23.127164 seconds.
  path: Assets/Prefabs
  artifactKey: Guid(888ee51d490daa0488e84f88638be907) Importer(815301076,1909f56bfc062723c751e8b465ee728b)
Start importing Assets/Prefabs using Guid(888ee51d490daa0488e84f88638be907) Importer(815301076,1909f56bfc062723c751e8b465ee728b)  -> (artifact id: 'bef83df2d0f4973912006ccc0a2933db') in 0.018363 seconds 
========================================================================
Received Import Request.
  Time since last request: 6.745938 seconds.
  path: Assets/Prefabs/LineObject.prefab
  artifactKey: Guid(c6ac3653cb9fc8f4899c0cc9064de357) Importer(815301076,1909f56bfc062723c751e8b465ee728b)
Start importing Assets/Prefabs/LineObject.prefab using Guid(c6ac3653cb9fc8f4899c0cc9064de357) Importer(815301076,1909f56bfc062723c751e8b465ee728b)  -> (artifact id: '020c81bfca7d4faace6358cffc9cf1e8') in 0.023761 seconds 
========================================================================
Received Import Request.
  Time since last request: 38.960883 seconds.
  path: Assets/NRSDK/Scripts/Input/Hands
  artifactKey: Guid(1920a4754946ee042bf4756937fef98d) Importer(815301076,1909f56bfc062723c751e8b465ee728b)
Start importing Assets/NRSDK/Scripts/Input/Hands using Guid(1920a4754946ee042bf4756937fef98d) Importer(815301076,1909f56bfc062723c751e8b465ee728b)  -> (artifact id: 'fc13eaea1e6565359340cf4052a1e58e') in 0.024367 seconds 
========================================================================
Received Import Request.
  Time since last request: 9.776491 seconds.
  path: Assets/NRSDK/Scripts/Input/Hands/HandStateUtility.cs
  artifactKey: Guid(10d25d79f5a865b4b8003d4363451ded) Importer(815301076,1909f56bfc062723c751e8b465ee728b)
Start importing Assets/NRSDK/Scripts/Input/Hands/HandStateUtility.cs using Guid(10d25d79f5a865b4b8003d4363451ded) Importer(815301076,1909f56bfc062723c751e8b465ee728b)  -> (artifact id: '533039dd59d736b84edb53cce7b2fdbf') in 0.037779 seconds 
========================================================================
Received Import Request.
  Time since last request: 3.951331 seconds.
  path: Assets/NRSDK/Scripts/Input/Hands/HandState.cs
  artifactKey: Guid(74a4600d4a4e6c64eb76815d79e8f3c7) Importer(815301076,1909f56bfc062723c751e8b465ee728b)
Start importing Assets/NRSDK/Scripts/Input/Hands/HandState.cs using Guid(74a4600d4a4e6c64eb76815d79e8f3c7) Importer(815301076,1909f56bfc062723c751e8b465ee728b)  -> (artifact id: 'e820b1bff69a64020c0e2e885afbc7cb') in 0.018242 seconds 
========================================================================
Received Import Request.
  Time since last request: 716.004201 seconds.
  path: Assets/NRSDK/Scripts/Input/Hands/HandState.cs
  artifactKey: Guid(74a4600d4a4e6c64eb76815d79e8f3c7) Importer(815301076,1909f56bfc062723c751e8b465ee728b)
Start importing Assets/NRSDK/Scripts/Input/Hands/HandState.cs using Guid(74a4600d4a4e6c64eb76815d79e8f3c7) Importer(815301076,1909f56bfc062723c751e8b465ee728b)  -> (artifact id: '1c8e43b74c4c8036aa3ad88980c1a3ed') in 0.008095 seconds 
========================================================================
Received Prepare
Registering precompiled user dll's ...
Registered in 0.012679 seconds.
Begin MonoManager ReloadAssembly
Native extension for WindowsStandalone target not found
Refreshing native plugins compatible for Editor in 0.84 ms, found 6 plugins.
Preloading 0 native plugins for Editor in 0.00 ms.
Mono: successfully reloaded assembly
- Completed reload, in  1.353 seconds
Domain Reload Profiling:
	ReloadAssembly (1353ms)
		BeginReloadAssembly (151ms)
			ExecutionOrderSort (0ms)
			DisableScriptedObjects (6ms)
			BackupInstance (0ms)
			ReleaseScriptingObjects (0ms)
			CreateAndSetChildDomain (43ms)
		EndReloadAssembly (1132ms)
			LoadAssemblies (150ms)
			RebuildTransferFunctionScriptingTraits (0ms)
			SetupTypeCache (325ms)
			ReleaseScriptCaches (2ms)
			RebuildScriptCaches (58ms)
			SetupLoadedEditorAssemblies (493ms)
				LogAssemblyErrors (0ms)
				InitializePlatformSupportModulesInManaged (5ms)
				SetLoadedEditorAssemblies (1ms)
				RefreshPlugins (1ms)
				BeforeProcessingInitializeOnLoad (131ms)
				ProcessInitializeOnLoadAttributes (246ms)
				ProcessInitializeOnLoadMethodAttributes (99ms)
				AfterProcessingInitializeOnLoad (10ms)
				EditorAssembliesLoaded (0ms)
			ExecutionOrderSort2 (0ms)
			AwakeInstancesAfterBackupRestoration (5ms)
Platform modules already initialized, skipping
Switching build target platform(19) subTarget(0) extendedPlatform(0) -> platform(13) subTarget(589824) extendedPlatform(0)
Refreshing native plugins compatible for Editor in 1.28 ms, found 6 plugins.
Preloading 0 native plugins for Editor in 0.00 ms.
Unloading 2511 Unused Serialized files (Serialized files now loaded: 0)
System memory in use before: 101.5 MB.
System memory in use after: 101.7 MB.

Unloading 60 unused Assets to reduce memory usage. Loaded Objects now: 2989.
Total: 14.768700 ms (FindLiveObjects: 0.402000 ms CreateObjectMapping: 0.214900 ms MarkObjects: 13.602800 ms  DeleteObjects: 0.547300 ms)

AssetImportParameters requested are different than current active one (requested -> active):
  custom:framework-win-MediaFoundation: 216162199b28c13a410421893ffa2e32 -> 
  custom:video-decoder-ogg-theora: a1e56fd34408186e4bbccfd4996cb3dc -> 
  custom:container-muxer-webm: aa71ff27fc2769a1b78a27578f13a17b -> 
  custom:container-demuxer-webm: 4f35f7cbe854078d1ac9338744f61a02 -> 
  custom:container-demuxer-ogg: 62fdf1f143b41e24485cea50d1cbac27 -> 
  custom:video-encoder-webm-vp8: eb34c28f22e8b96e1ab97ce403110664 -> 
  custom:video-codec-MediaFoundation-h265: e54d7ab0439102e2317fc1e4b246158d -> 
  custom:video-decoder-webm-vp8: 9c59270c3fd7afecdb556c50c9e8de78 -> 
  custom:graphics/normal-map-encoding: 01000000000000000000000000000000 -> 02000000000000000000000000000000
  custom:audio-decoder-ogg-vorbis: bf7c407c2cedff20999df2af8eb42d56 -> 
  custom:audio-encoder-webm-vorbis: bf7c407c2cedff20999df2af8eb42d56 -> 
========================================================================
Received Import Request.
  Time since last request: 20.228691 seconds.
  path: Assets
  artifactKey: Guid(00000000000000001000000000000000) Importer(815301076,1909f56bfc062723c751e8b465ee728b)
Start importing Assets using Guid(00000000000000001000000000000000) Importer(815301076,1909f56bfc062723c751e8b465ee728b)  -> (artifact id: '42d402b061de3733987d63b9cc3b64de') in 0.027576 seconds 
========================================================================
Received Import Request.
  Time since last request: 10.766174 seconds.
  path: Assets/Scripts
  artifactKey: Guid(7c7d77e5b19e0d04e94a5b2e7266a72d) Importer(815301076,1909f56bfc062723c751e8b465ee728b)
Start importing Assets/Scripts using Guid(7c7d77e5b19e0d04e94a5b2e7266a72d) Importer(815301076,1909f56bfc062723c751e8b465ee728b)  -> (artifact id: 'cd72ddbeb7bc043fd0cf2df91d927f4b') in 0.022312 seconds 
========================================================================
Received Import Request.
  Time since last request: 22.755402 seconds.
  path: Assets/Scripts/DrawManager.cs
  artifactKey: Guid(ff5d01aa945793c4fb6a0980fcd4821f) Importer(815301076,1909f56bfc062723c751e8b465ee728b)
Start importing Assets/Scripts/DrawManager.cs using Guid(ff5d01aa945793c4fb6a0980fcd4821f) Importer(815301076,1909f56bfc062723c751e8b465ee728b)  -> (artifact id: 'c5e4c0320fd8815a0e205b034cfd2a5e') in 0.025124 seconds 
========================================================================
Received Prepare
Registering precompiled user dll's ...
Registered in 0.010293 seconds.
Begin MonoManager ReloadAssembly
Native extension for WindowsStandalone target not found
Refreshing native plugins compatible for Editor in 0.95 ms, found 6 plugins.
Preloading 0 native plugins for Editor in 0.00 ms.
Mono: successfully reloaded assembly
- Completed reload, in  1.448 seconds
Domain Reload Profiling:
	ReloadAssembly (1449ms)
		BeginReloadAssembly (216ms)
			ExecutionOrderSort (0ms)
			DisableScriptedObjects (17ms)
			BackupInstance (0ms)
			ReleaseScriptingObjects (0ms)
			CreateAndSetChildDomain (67ms)
		EndReloadAssembly (1159ms)
			LoadAssemblies (170ms)
			RebuildTransferFunctionScriptingTraits (0ms)
			SetupTypeCache (355ms)
			ReleaseScriptCaches (2ms)
			RebuildScriptCaches (59ms)
			SetupLoadedEditorAssemblies (491ms)
				LogAssemblyErrors (0ms)
				InitializePlatformSupportModulesInManaged (6ms)
				SetLoadedEditorAssemblies (1ms)
				RefreshPlugins (1ms)
				BeforeProcessingInitializeOnLoad (108ms)
				ProcessInitializeOnLoadAttributes (243ms)
				ProcessInitializeOnLoadMethodAttributes (123ms)
				AfterProcessingInitializeOnLoad (9ms)
				EditorAssembliesLoaded (0ms)
			ExecutionOrderSort2 (0ms)
			AwakeInstancesAfterBackupRestoration (3ms)
Platform modules already initialized, skipping
Switching build target platform(19) subTarget(0) extendedPlatform(0) -> platform(13) subTarget(589824) extendedPlatform(0)
Refreshing native plugins compatible for Editor in 0.89 ms, found 6 plugins.
Preloading 0 native plugins for Editor in 0.00 ms.
Unloading 2512 Unused Serialized files (Serialized files now loaded: 0)
System memory in use before: 101.6 MB.
System memory in use after: 101.8 MB.

Unloading 55 unused Assets to reduce memory usage. Loaded Objects now: 2993.
Total: 8.134200 ms (FindLiveObjects: 0.218800 ms CreateObjectMapping: 0.128300 ms MarkObjects: 7.714500 ms  DeleteObjects: 0.071300 ms)

AssetImportParameters requested are different than current active one (requested -> active):
  custom:framework-win-MediaFoundation: 216162199b28c13a410421893ffa2e32 -> 
  custom:video-decoder-ogg-theora: a1e56fd34408186e4bbccfd4996cb3dc -> 
  custom:container-muxer-webm: aa71ff27fc2769a1b78a27578f13a17b -> 
  custom:container-demuxer-webm: 4f35f7cbe854078d1ac9338744f61a02 -> 
  custom:container-demuxer-ogg: 62fdf1f143b41e24485cea50d1cbac27 -> 
  custom:video-encoder-webm-vp8: eb34c28f22e8b96e1ab97ce403110664 -> 
  custom:video-codec-MediaFoundation-h265: e54d7ab0439102e2317fc1e4b246158d -> 
  custom:video-decoder-webm-vp8: 9c59270c3fd7afecdb556c50c9e8de78 -> 
  custom:graphics/normal-map-encoding: 01000000000000000000000000000000 -> 02000000000000000000000000000000
  custom:audio-decoder-ogg-vorbis: bf7c407c2cedff20999df2af8eb42d56 -> 
  custom:audio-encoder-webm-vorbis: bf7c407c2cedff20999df2af8eb42d56 -> 
========================================================================
Received Import Request.
  Time since last request: 52.789006 seconds.
  path: Assets/Scripts/DrawManager.cs
  artifactKey: Guid(ff5d01aa945793c4fb6a0980fcd4821f) Importer(815301076,1909f56bfc062723c751e8b465ee728b)
Start importing Assets/Scripts/DrawManager.cs using Guid(ff5d01aa945793c4fb6a0980fcd4821f) Importer(815301076,1909f56bfc062723c751e8b465ee728b)  -> (artifact id: '78964b6ad50c038b22abcf27aeb739c1') in 0.009279 seconds 
========================================================================
Received Import Request.
  Time since last request: 489.723147 seconds.
  path: Assets/Scripts/DrawManager.cs
  artifactKey: Guid(ff5d01aa945793c4fb6a0980fcd4821f) Importer(815301076,1909f56bfc062723c751e8b465ee728b)
Start importing Assets/Scripts/DrawManager.cs using Guid(ff5d01aa945793c4fb6a0980fcd4821f) Importer(815301076,1909f56bfc062723c751e8b465ee728b)  -> (artifact id: '9881c3916fde5f54b98edbf0dfb0973a') in 0.008690 seconds 
========================================================================
Received Import Request.
  Time since last request: 170.602176 seconds.
  path: Assets/Scripts/DrawManager.cs
  artifactKey: Guid(ff5d01aa945793c4fb6a0980fcd4821f) Importer(815301076,1909f56bfc062723c751e8b465ee728b)
Start importing Assets/Scripts/DrawManager.cs using Guid(ff5d01aa945793c4fb6a0980fcd4821f) Importer(815301076,1909f56bfc062723c751e8b465ee728b)  -> (artifact id: '09081f02e133fd44ea43e1bcf8fc9149') in 0.007015 seconds 
========================================================================
Received Prepare
Registering precompiled user dll's ...
Registered in 0.011060 seconds.
Begin MonoManager ReloadAssembly
Native extension for WindowsStandalone target not found
Refreshing native plugins compatible for Editor in 0.92 ms, found 6 plugins.
Preloading 0 native plugins for Editor in 0.00 ms.
Mono: successfully reloaded assembly
- Completed reload, in  1.348 seconds
Domain Reload Profiling:
	ReloadAssembly (1348ms)
		BeginReloadAssembly (162ms)
			ExecutionOrderSort (0ms)
			DisableScriptedObjects (7ms)
			BackupInstance (0ms)
			ReleaseScriptingObjects (0ms)
			CreateAndSetChildDomain (45ms)
		EndReloadAssembly (1116ms)
			LoadAssemblies (144ms)
			RebuildTransferFunctionScriptingTraits (0ms)
			SetupTypeCache (338ms)
			ReleaseScriptCaches (3ms)
			RebuildScriptCaches (58ms)
			SetupLoadedEditorAssemblies (449ms)
				LogAssemblyErrors (0ms)
				InitializePlatformSupportModulesInManaged (5ms)
				SetLoadedEditorAssemblies (1ms)
				RefreshPlugins (1ms)
				BeforeProcessingInitializeOnLoad (116ms)
				ProcessInitializeOnLoadAttributes (237ms)
				ProcessInitializeOnLoadMethodAttributes (81ms)
				AfterProcessingInitializeOnLoad (8ms)
				EditorAssembliesLoaded (0ms)
			ExecutionOrderSort2 (0ms)
			AwakeInstancesAfterBackupRestoration (2ms)
Platform modules already initialized, skipping
Switching build target platform(19) subTarget(0) extendedPlatform(0) -> platform(13) subTarget(589824) extendedPlatform(0)
Refreshing native plugins compatible for Editor in 0.90 ms, found 6 plugins.
Preloading 0 native plugins for Editor in 0.00 ms.
Unloading 2512 Unused Serialized files (Serialized files now loaded: 0)
System memory in use before: 101.6 MB.
System memory in use after: 101.8 MB.

Unloading 55 unused Assets to reduce memory usage. Loaded Objects now: 2996.
Total: 8.839000 ms (FindLiveObjects: 0.285100 ms CreateObjectMapping: 0.130500 ms MarkObjects: 8.328800 ms  DeleteObjects: 0.088700 ms)

AssetImportParameters requested are different than current active one (requested -> active):
  custom:framework-win-MediaFoundation: 216162199b28c13a410421893ffa2e32 -> 
  custom:video-decoder-ogg-theora: a1e56fd34408186e4bbccfd4996cb3dc -> 
  custom:container-muxer-webm: aa71ff27fc2769a1b78a27578f13a17b -> 
  custom:container-demuxer-webm: 4f35f7cbe854078d1ac9338744f61a02 -> 
  custom:container-demuxer-ogg: 62fdf1f143b41e24485cea50d1cbac27 -> 
  custom:video-encoder-webm-vp8: eb34c28f22e8b96e1ab97ce403110664 -> 
  custom:video-codec-MediaFoundation-h265: e54d7ab0439102e2317fc1e4b246158d -> 
  custom:video-decoder-webm-vp8: 9c59270c3fd7afecdb556c50c9e8de78 -> 
  custom:graphics/normal-map-encoding: 01000000000000000000000000000000 -> 02000000000000000000000000000000
  custom:audio-decoder-ogg-vorbis: bf7c407c2cedff20999df2af8eb42d56 -> 
  custom:audio-encoder-webm-vorbis: bf7c407c2cedff20999df2af8eb42d56 -> 
========================================================================
Received Prepare
Registering precompiled user dll's ...
Registered in 0.040078 seconds.
Begin MonoManager ReloadAssembly
Native extension for WindowsStandalone target not found
Refreshing native plugins compatible for Editor in 1.23 ms, found 6 plugins.
Preloading 0 native plugins for Editor in 0.00 ms.
Mono: successfully reloaded assembly
- Completed reload, in  3.586 seconds
Domain Reload Profiling:
	ReloadAssembly (3587ms)
		BeginReloadAssembly (690ms)
			ExecutionOrderSort (0ms)
			DisableScriptedObjects (28ms)
			BackupInstance (0ms)
			ReleaseScriptingObjects (0ms)
			CreateAndSetChildDomain (211ms)
		EndReloadAssembly (2564ms)
			LoadAssemblies (699ms)
			RebuildTransferFunctionScriptingTraits (0ms)
			SetupTypeCache (1442ms)
			ReleaseScriptCaches (2ms)
			RebuildScriptCaches (69ms)
			SetupLoadedEditorAssemblies (457ms)
				LogAssemblyErrors (0ms)
				InitializePlatformSupportModulesInManaged (5ms)
				SetLoadedEditorAssemblies (1ms)
				RefreshPlugins (1ms)
				BeforeProcessingInitializeOnLoad (118ms)
				ProcessInitializeOnLoadAttributes (247ms)
				ProcessInitializeOnLoadMethodAttributes (78ms)
				AfterProcessingInitializeOnLoad (7ms)
				EditorAssembliesLoaded (0ms)
			ExecutionOrderSort2 (0ms)
			AwakeInstancesAfterBackupRestoration (2ms)
Platform modules already initialized, skipping
Switching build target platform(19) subTarget(0) extendedPlatform(0) -> platform(13) subTarget(589824) extendedPlatform(0)
Refreshing native plugins compatible for Editor in 1.04 ms, found 6 plugins.
Preloading 0 native plugins for Editor in 0.00 ms.
Unloading 2512 Unused Serialized files (Serialized files now loaded: 0)
System memory in use before: 101.6 MB.
System memory in use after: 101.9 MB.

Unloading 55 unused Assets to reduce memory usage. Loaded Objects now: 2999.
Total: 8.781400 ms (FindLiveObjects: 0.456800 ms CreateObjectMapping: 0.173800 ms MarkObjects: 8.070400 ms  DeleteObjects: 0.078800 ms)

AssetImportParameters requested are different than current active one (requested -> active):
  custom:framework-win-MediaFoundation: 216162199b28c13a410421893ffa2e32 -> 
  custom:video-decoder-ogg-theora: a1e56fd34408186e4bbccfd4996cb3dc -> 
  custom:container-muxer-webm: aa71ff27fc2769a1b78a27578f13a17b -> 
  custom:container-demuxer-webm: 4f35f7cbe854078d1ac9338744f61a02 -> 
  custom:container-demuxer-ogg: 62fdf1f143b41e24485cea50d1cbac27 -> 
  custom:video-encoder-webm-vp8: eb34c28f22e8b96e1ab97ce403110664 -> 
  custom:video-codec-MediaFoundation-h265: e54d7ab0439102e2317fc1e4b246158d -> 
  custom:video-decoder-webm-vp8: 9c59270c3fd7afecdb556c50c9e8de78 -> 
  custom:graphics/normal-map-encoding: 01000000000000000000000000000000 -> 02000000000000000000000000000000
  custom:audio-decoder-ogg-vorbis: bf7c407c2cedff20999df2af8eb42d56 -> 
  custom:audio-encoder-webm-vorbis: bf7c407c2cedff20999df2af8eb42d56 -> 
AssetImportWorkerClient::OnTransportError - code=2 error=End of file
